E-tag-capacity-utilisation-entry-Baumgarten
E-tag-capacity-utilisation-entry-Arnoldstein
E-tag-capacity-utilisation-exit-Arnoldstein
E-tag-capacity-utilisation-exit-Domestic
s3File: /home/merit/argusmedia/temp/Tag_Capacity_Utilisation_20161026_0756.html
Uploaded Completed

Extraction Completed for 1022-001
Tag_Capacity_Utilisation_20161026_0756.html
T-tag-capacity-utilisation-Entry-Baumgarten-Technical-capacity
T-tag-capacity-utilisation-Entry-Baumgarten-Available-technical-capacity
T-tag-capacity-utilisation-Entry-Baumgarten-Total-allocated-Quantity-kWh/h
T-tag-capacity-utilisation-Entry-Baumgarten-Total-allocated-Quantity-%
T-tag-capacity-utilisation-Entry-Baumgarten-Measured-Quantity
T-tag-capacity-utilisation-Entry-Baumgarten-Booked-Capacity-FZK
T-tag-capacity-utilisation-Entry-Baumgarten-Nominated-Quantity-FZK
T-tag-capacity-utilisation-Entry-Baumgarten-Re-Nominated/Allocated-Quantity-FZK-kWh/h
T-tag-capacity-utilisation-Entry-Baumgarten-Re-Nominated/Allocated-Quantity-FZK-%
T-tag-capacity-utilisation-Entry-Baumgarten-Reduction-FZK-kWh/h
T-tag-capacity-utilisation-Entry-Baumgarten-Reduction-FZK-%
T-tag-capacity-utilisation-Entry-Baumgarten-Booked-capacity-UK
T-tag-capacity-utilisation-Entry-Baumgarten-Nominated-Quantity-UK
T-tag-capacity-utilisation-Entry-Baumgarten-Re-Nominated/Allocated-Quantity-UK-kWh/h
T-tag-capacity-utilisation-Entry-Baumgarten-Re-Nominated/Allocated-Quantity-UK-%
T-tag-capacity-utilisation-Entry-Baumgarten-Reduction-UK-kWh/h
T-tag-capacity-utilisation-Entry-Baumgarten-Reduction-UK-%
T-tag-capacity-utilisation-Entry-Baumgarten-Available-Capacity-Day-Ahead
T-tag-capacity-utilisation-Entry-Baumgarten-Booked-Capacity-Day-Ahead
T-tag-capacity-utilisation-Entry-Baumgarten-Nominated-Quantity-Day-Ahead
T-tag-capacity-utilisation-Entry-Baumgarten-Re-Nominated-Quantity-Day-Ahead
T-tag-capacity-utilisation-Entry-Baumgarten-Re-Nominated/Allocated-Quantity-Day-Ahead-%
T-tag-capacity-utilisation-Entry-Baumgarten-Re-Nominated/Allocated-Quantity-Day-Ahead-kWh/h
T-tag-capacity-utilisation-Entry-Baumgarten-Reduction-Day-Ahead
T-tag-capacity-utilisation-Entry-Arnoldstein-Technical-capacity
T-tag-capacity-utilisation-Entry-Arnoldstein-Available-technical-capacity
T-tag-capacity-utilisation-Entry-Arnoldstein-Total-allocated-Quantity-kWh/h
T-tag-capacity-utilisation-Entry-Arnoldstein-Total-allocated-Quantity-%
T-tag-capacity-utilisation-Entry-Arnoldstein-Measured-Quantity
T-tag-capacity-utilisation-Entry-Arnoldstein-Booked-Capacity-FZK
T-tag-capacity-utilisation-Entry-Arnoldstein-Nominated-Quantity-FZK
T-tag-capacity-utilisation-Entry-Arnoldstein-Re-Nominated/Allocated-Quantity-FZK-kWh/h
T-tag-capacity-utilisation-Entry-Arnoldstein-Re-Nominated/Allocated-Quantity-FZK-%
T-tag-capacity-utilisation-Entry-Arnoldstein-Reduction-FZK-kWh/h
T-tag-capacity-utilisation-Entry-Arnoldstein-Reduction-FZK-%
T-tag-capacity-utilisation-Entry-Arnoldstein-Booked-capacity-UK
T-tag-capacity-utilisation-Entry-Arnoldstein-Nominated-Quantity-UK
T-tag-capacity-utilisation-Entry-Arnoldstein-Re-Nominated/Allocated-Quantity-UK-kWh/h
T-tag-capacity-utilisation-Entry-Arnoldstein-Re-Nominated/Allocated-Quantity-UK-%
T-tag-capacity-utilisation-Entry-Arnoldstein-Reduction-UK-kWh/h
T-tag-capacity-utilisation-Entry-Arnoldstein-Reduction-UK-%
T-tag-capacity-utilisation-Entry-Arnoldstein-Available-Capacity-Day-Ahead
T-tag-capacity-utilisation-Entry-Arnoldstein-Booked-Capacity-Day-Ahead
T-tag-capacity-utilisation-Entry-Arnoldstein-Nominated-Quantity-Day-Ahead
T-tag-capacity-utilisation-Entry-Arnoldstein-Re-Nominated-Quantity-Day-Ahead
T-tag-capacity-utilisation-Entry-Arnoldstein-Re-Nominated/Allocated-Quantity-Day-Ahead-%
T-tag-capacity-utilisation-Entry-Arnoldstein-Re-Nominated/Allocated-Quantity-Day-Ahead-kWh/h
T-tag-capacity-utilisation-Entry-Arnoldstein-Reduction-Day-Ahead
T-tag-capacity-utilisation-Exit-Arnoldstein-Technical-capacity
T-tag-capacity-utilisation-Exit-Arnoldstein-Available-technical-capacity
T-tag-capacity-utilisation-Exit-Arnoldstein-Total-allocated-Quantity-kWh/h
T-tag-capacity-utilisation-Exit-Arnoldstein-Total-allocated-Quantity-%
T-tag-capacity-utilisation-Exit-Arnoldstein-Measured-Quantity
T-tag-capacity-utilisation-Exit-Arnoldstein-Booked-Capacity-FZK
T-tag-capacity-utilisation-Exit-Arnoldstein-Nominated-Quantity-FZK
T-tag-capacity-utilisation-Exit-Arnoldstein-Re-Nominated/Allocated-Quantity-FZK-kWh/h
T-tag-capacity-utilisation-Exit-Arnoldstein-Re-Nominated/Allocated-Quantity-FZK-%
T-tag-capacity-utilisation-Exit-Arnoldstein-Reduction-FZK-kWh/h
T-tag-capacity-utilisation-Exit-Arnoldstein-Reduction-FZK-%
T-tag-capacity-utilisation-Exit-Arnoldstein-Booked-capacity-UK
T-tag-capacity-utilisation-Exit-Arnoldstein-Nominated-Quantity-UK
T-tag-capacity-utilisation-Exit-Arnoldstein-Re-Nominated/Allocated-Quantity-UK-kWh/h
T-tag-capacity-utilisation-Exit-Arnoldstein-Re-Nominated/Allocated-Quantity-UK-%
T-tag-capacity-utilisation-Exit-Arnoldstein-Reduction-UK-kWh/h
T-tag-capacity-utilisation-Exit-Arnoldstein-Reduction-UK-%
T-tag-capacity-utilisation-Exit-Arnoldstein-Available-Capacity-Day-Ahead
T-tag-capacity-utilisation-Exit-Arnoldstein-Booked-Capacity-Day-Ahead
T-tag-capacity-utilisation-Exit-Arnoldstein-Nominated-Quantity-Day-Ahead
T-tag-capacity-utilisation-Exit-Arnoldstein-Re-Nominated-Quantity-Day-Ahead
T-tag-capacity-utilisation-Exit-Arnoldstein-Re-Nominated/Allocated-Quantity-Day-Ahead-%
T-tag-capacity-utilisation-Exit-Arnoldstein-Re-Nominated/Allocated-Quantity-Day-Ahead-kWh/h
T-tag-capacity-utilisation-Exit-Arnoldstein-Reduction-Day-Ahead
T-tag-capacity-utilisation-Exit-Domestic-Technical-capacity
T-tag-capacity-utilisation-Exit-Domestic-Available-technical-capacity
T-tag-capacity-utilisation-Exit-Domestic-Total-allocated-Quantity-kWh/h
T-tag-capacity-utilisation-Exit-Domestic-Total-allocated-Quantity-%
T-tag-capacity-utilisation-Exit-Domestic-Measured-Quantity
T-tag-capacity-utilisation-Exit-Domestic-Booked-Capacity-FZK
T-tag-capacity-utilisation-Exit-Domestic-Nominated-Quantity-FZK
T-tag-capacity-utilisation-Exit-Domestic-Re-Nominated/Allocated-Quantity-FZK-kWh/h
T-tag-capacity-utilisation-Exit-Domestic-Re-Nominated/Allocated-Quantity-FZK-%
T-tag-capacity-utilisation-Exit-Domestic-Reduction-FZK-kWh/h
T-tag-capacity-utilisation-Exit-Domestic-Reduction-FZK-%
T-tag-capacity-utilisation-Exit-Domestic-Booked-capacity-UK
T-tag-capacity-utilisation-Exit-Domestic-Nominated-Quantity-UK
T-tag-capacity-utilisation-Exit-Domestic-Re-Nominated/Allocated-Quantity-UK-kWh/h
T-tag-capacity-utilisation-Exit-Domestic-Re-Nominated/Allocated-Quantity-UK-%
T-tag-capacity-utilisation-Exit-Domestic-Reduction-UK-kWh/h
T-tag-capacity-utilisation-Exit-Domestic-Reduction-UK-%
T-tag-capacity-utilisation-Exit-Domestic-Available-Capacity-Day-Ahead
T-tag-capacity-utilisation-Exit-Domestic-Booked-Capacity-Day-Ahead
T-tag-capacity-utilisation-Exit-Domestic-Nominated-Quantity-Day-Ahead
T-tag-capacity-utilisation-Exit-Domestic-Re-Nominated-Quantity-Day-Ahead
T-tag-capacity-utilisation-Exit-Domestic-Re-Nominated/Allocated-Quantity-Day-Ahead-%
T-tag-capacity-utilisation-Exit-Domestic-Re-Nominated/Allocated-Quantity-Day-Ahead-kWh/h
T-tag-capacity-utilisation-Exit-Domestic-Reduction-Day-Ahead

Transform Completed for 1022-001
